<?xml version="1.0" encoding="UTF-8"?>
<!-- Generated by org.testng.reporters.JUnitReportReporter -->
<testsuite hostname="nb-philipps-7" name="testng.webdriver.RealDeviceTest" tests="1" failures="0" timestamp="17 Feb 2015 13:51:39 GMT" time="0.009" errors="0">
  <testcase name="methodname" time="0.009" classname="testng.webdriver.RealDeviceTest"/>
</testsuite> <!-- testng.webdriver.RealDeviceTest -->
